CRITICAL - 2022-11-08 03:54:20 --> include(layout/header): Failed to open stream: No such file or directory
in APPPATH\Views\admin\index.php on line 1.
 1 APPPATH\Views\admin\index.php(1): CodeIgniter\Debug\Exceptions->errorHandler(2, 'include(layout/header): Failed to open stream: No such file or directory', 'APPPATH\\Views\\admin\\index.php', 1)
 2 APPPATH\Views\admin\index.php(1): include()
 3 SYSTEMPATH\View\View.php(213): include('APPPATH\\Views\\admin\\index.php')
 4 SYSTEMPATH\View\View.php(216): CodeIgniter\View\View->CodeIgniter\View\{closure}()
 5 SYSTEMPATH\Common.php(1134): CodeIgniter\View\View->render('admin/index', [], true)
 6 APPPATH\Controllers\Admin.php(9): view('admin/index')
 7 SYSTEMPATH\CodeIgniter.php(927): App\Controllers\Admin->index()
 8 SYSTEMPATH\CodeIgniter.php(482): CodeIgniter\CodeIgniter->runController(Object(App\Controllers\Admin))
 9 SYSTEMPATH\CodeIgniter.php(351): CodeIgniter\CodeIgniter->handleRequest(null, Object(Config\Cache), false)
10 FCPATH\index.php(67): CodeIgniter\CodeIgniter->run()
11 SYSTEMPATH\Commands\Server\rewrite.php(46): require_once('FCPATH\\index.php')
CRITICAL - 2022-11-08 03:54:21 --> include(layout/header): Failed to open stream: No such file or directory
in APPPATH\Views\admin\index.php on line 1.
 1 APPPATH\Views\admin\index.php(1): CodeIgniter\Debug\Exceptions->errorHandler(2, 'include(layout/header): Failed to open stream: No such file or directory', 'APPPATH\\Views\\admin\\index.php', 1)
 2 APPPATH\Views\admin\index.php(1): include()
 3 SYSTEMPATH\View\View.php(213): include('APPPATH\\Views\\admin\\index.php')
 4 SYSTEMPATH\View\View.php(216): CodeIgniter\View\View->CodeIgniter\View\{closure}()
 5 SYSTEMPATH\Common.php(1134): CodeIgniter\View\View->render('admin/index', [], true)
 6 APPPATH\Controllers\Admin.php(9): view('admin/index')
 7 SYSTEMPATH\CodeIgniter.php(927): App\Controllers\Admin->index()
 8 SYSTEMPATH\CodeIgniter.php(482): CodeIgniter\CodeIgniter->runController(Object(App\Controllers\Admin))
 9 SYSTEMPATH\CodeIgniter.php(351): CodeIgniter\CodeIgniter->handleRequest(null, Object(Config\Cache), false)
10 FCPATH\index.php(67): CodeIgniter\CodeIgniter->run()
11 SYSTEMPATH\Commands\Server\rewrite.php(46): require_once('FCPATH\\index.php')
CRITICAL - 2022-11-08 03:55:01 --> include(layout/footer.phps): Failed to open stream: No such file or directory
in APPPATH\Views\admin\index.php on line 1049.
 1 APPPATH\Views\admin\index.php(1049): CodeIgniter\Debug\Exceptions->errorHandler(2, 'include(layout/footer.phps): Failed to open stream: No such file or directory', 'APPPATH\\Views\\admin\\index.php', 1049)
 2 APPPATH\Views\admin\index.php(1049): include()
 3 SYSTEMPATH\View\View.php(213): include('APPPATH\\Views\\admin\\index.php')
 4 SYSTEMPATH\View\View.php(216): CodeIgniter\View\View->CodeIgniter\View\{closure}()
 5 SYSTEMPATH\Common.php(1134): CodeIgniter\View\View->render('admin/index', [], true)
 6 APPPATH\Controllers\Admin.php(9): view('admin/index')
 7 SYSTEMPATH\CodeIgniter.php(927): App\Controllers\Admin->index()
 8 SYSTEMPATH\CodeIgniter.php(482): CodeIgniter\CodeIgniter->runController(Object(App\Controllers\Admin))
 9 SYSTEMPATH\CodeIgniter.php(351): CodeIgniter\CodeIgniter->handleRequest(null, Object(Config\Cache), false)
10 FCPATH\index.php(67): CodeIgniter\CodeIgniter->run()
11 SYSTEMPATH\Commands\Server\rewrite.php(46): require_once('FCPATH\\index.php')
CRITICAL - 2022-11-08 03:55:28 --> include(layout/footer.phps): Failed to open stream: No such file or directory
in APPPATH\Views\admin\index.php on line 1049.
 1 APPPATH\Views\admin\index.php(1049): CodeIgniter\Debug\Exceptions->errorHandler(2, 'include(layout/footer.phps): Failed to open stream: No such file or directory', 'APPPATH\\Views\\admin\\index.php', 1049)
 2 APPPATH\Views\admin\index.php(1049): include()
 3 SYSTEMPATH\View\View.php(213): include('APPPATH\\Views\\admin\\index.php')
 4 SYSTEMPATH\View\View.php(216): CodeIgniter\View\View->CodeIgniter\View\{closure}()
 5 SYSTEMPATH\Common.php(1134): CodeIgniter\View\View->render('admin/index', [], true)
 6 APPPATH\Controllers\Admin.php(9): view('admin/index')
 7 SYSTEMPATH\CodeIgniter.php(927): App\Controllers\Admin->index()
 8 SYSTEMPATH\CodeIgniter.php(482): CodeIgniter\CodeIgniter->runController(Object(App\Controllers\Admin))
 9 SYSTEMPATH\CodeIgniter.php(351): CodeIgniter\CodeIgniter->handleRequest(null, Object(Config\Cache), false)
10 FCPATH\index.php(67): CodeIgniter\CodeIgniter->run()
11 SYSTEMPATH\Commands\Server\rewrite.php(46): require_once('FCPATH\\index.php')
CRITICAL - 2022-11-08 03:55:29 --> include(layout/footer.phps): Failed to open stream: No such file or directory
in APPPATH\Views\admin\index.php on line 1049.
 1 APPPATH\Views\admin\index.php(1049): CodeIgniter\Debug\Exceptions->errorHandler(2, 'include(layout/footer.phps): Failed to open stream: No such file or directory', 'APPPATH\\Views\\admin\\index.php', 1049)
 2 APPPATH\Views\admin\index.php(1049): include()
 3 SYSTEMPATH\View\View.php(213): include('APPPATH\\Views\\admin\\index.php')
 4 SYSTEMPATH\View\View.php(216): CodeIgniter\View\View->CodeIgniter\View\{closure}()
 5 SYSTEMPATH\Common.php(1134): CodeIgniter\View\View->render('admin/index', [], true)
 6 APPPATH\Controllers\Admin.php(9): view('admin/index')
 7 SYSTEMPATH\CodeIgniter.php(927): App\Controllers\Admin->index()
 8 SYSTEMPATH\CodeIgniter.php(482): CodeIgniter\CodeIgniter->runController(Object(App\Controllers\Admin))
 9 SYSTEMPATH\CodeIgniter.php(351): CodeIgniter\CodeIgniter->handleRequest(null, Object(Config\Cache), false)
10 FCPATH\index.php(67): CodeIgniter\CodeIgniter->run()
11 SYSTEMPATH\Commands\Server\rewrite.php(46): require_once('FCPATH\\index.php')
CRITICAL - 2022-11-08 03:55:29 --> include(layout/footer.phps): Failed to open stream: No such file or directory
in APPPATH\Views\admin\index.php on line 1049.
 1 APPPATH\Views\admin\index.php(1049): CodeIgniter\Debug\Exceptions->errorHandler(2, 'include(layout/footer.phps): Failed to open stream: No such file or directory', 'APPPATH\\Views\\admin\\index.php', 1049)
 2 APPPATH\Views\admin\index.php(1049): include()
 3 SYSTEMPATH\View\View.php(213): include('APPPATH\\Views\\admin\\index.php')
 4 SYSTEMPATH\View\View.php(216): CodeIgniter\View\View->CodeIgniter\View\{closure}()
 5 SYSTEMPATH\Common.php(1134): CodeIgniter\View\View->render('admin/index', [], true)
 6 APPPATH\Controllers\Admin.php(9): view('admin/index')
 7 SYSTEMPATH\CodeIgniter.php(927): App\Controllers\Admin->index()
 8 SYSTEMPATH\CodeIgniter.php(482): CodeIgniter\CodeIgniter->runController(Object(App\Controllers\Admin))
 9 SYSTEMPATH\CodeIgniter.php(351): CodeIgniter\CodeIgniter->handleRequest(null, Object(Config\Cache), false)
10 FCPATH\index.php(67): CodeIgniter\CodeIgniter->run()
11 SYSTEMPATH\Commands\Server\rewrite.php(46): require_once('FCPATH\\index.php')
CRITICAL - 2022-11-08 03:55:29 --> include(layout/footer.phps): Failed to open stream: No such file or directory
in APPPATH\Views\admin\index.php on line 1049.
 1 APPPATH\Views\admin\index.php(1049): CodeIgniter\Debug\Exceptions->errorHandler(2, 'include(layout/footer.phps): Failed to open stream: No such file or directory', 'APPPATH\\Views\\admin\\index.php', 1049)
 2 APPPATH\Views\admin\index.php(1049): include()
 3 SYSTEMPATH\View\View.php(213): include('APPPATH\\Views\\admin\\index.php')
 4 SYSTEMPATH\View\View.php(216): CodeIgniter\View\View->CodeIgniter\View\{closure}()
 5 SYSTEMPATH\Common.php(1134): CodeIgniter\View\View->render('admin/index', [], true)
 6 APPPATH\Controllers\Admin.php(9): view('admin/index')
 7 SYSTEMPATH\CodeIgniter.php(927): App\Controllers\Admin->index()
 8 SYSTEMPATH\CodeIgniter.php(482): CodeIgniter\CodeIgniter->runController(Object(App\Controllers\Admin))
 9 SYSTEMPATH\CodeIgniter.php(351): CodeIgniter\CodeIgniter->handleRequest(null, Object(Config\Cache), false)
10 FCPATH\index.php(67): CodeIgniter\CodeIgniter->run()
11 SYSTEMPATH\Commands\Server\rewrite.php(46): require_once('FCPATH\\index.php')
CRITICAL - 2022-11-08 03:55:29 --> include(layout/footer.phps): Failed to open stream: No such file or directory
in APPPATH\Views\admin\index.php on line 1049.
 1 APPPATH\Views\admin\index.php(1049): CodeIgniter\Debug\Exceptions->errorHandler(2, 'include(layout/footer.phps): Failed to open stream: No such file or directory', 'APPPATH\\Views\\admin\\index.php', 1049)
 2 APPPATH\Views\admin\index.php(1049): include()
 3 SYSTEMPATH\View\View.php(213): include('APPPATH\\Views\\admin\\index.php')
 4 SYSTEMPATH\View\View.php(216): CodeIgniter\View\View->CodeIgniter\View\{closure}()
 5 SYSTEMPATH\Common.php(1134): CodeIgniter\View\View->render('admin/index', [], true)
 6 APPPATH\Controllers\Admin.php(9): view('admin/index')
 7 SYSTEMPATH\CodeIgniter.php(927): App\Controllers\Admin->index()
 8 SYSTEMPATH\CodeIgniter.php(482): CodeIgniter\CodeIgniter->runController(Object(App\Controllers\Admin))
 9 SYSTEMPATH\CodeIgniter.php(351): CodeIgniter\CodeIgniter->handleRequest(null, Object(Config\Cache), false)
10 FCPATH\index.php(67): CodeIgniter\CodeIgniter->run()
11 SYSTEMPATH\Commands\Server\rewrite.php(46): require_once('FCPATH\\index.php')
CRITICAL - 2022-11-08 04:39:13 --> The namespace delimiter is a backslash (\), not a slash (/). Route handler: \App\Controllers\website/index
in SYSTEMPATH\Router\Router.php on line 466.
 1 SYSTEMPATH\Router\Router.php(466): CodeIgniter\Router\Exceptions\RouterException::forInvalidControllerName('\\App\\Controllers\\website/index')
 2 SYSTEMPATH\Router\Router.php(181): CodeIgniter\Router\Router->checkRoutes('E:\\')
 3 SYSTEMPATH\CodeIgniter.php(802): CodeIgniter\Router\Router->handle('E:\\')
 4 SYSTEMPATH\CodeIgniter.php(430): CodeIgniter\CodeIgniter->tryToRouteIt(Object(CodeIgniter\Router\RouteCollection))
 5 SYSTEMPATH\CodeIgniter.php(351): CodeIgniter\CodeIgniter->handleRequest(null, Object(Config\Cache), false)
 6 FCPATH\index.php(67): CodeIgniter\CodeIgniter->run()
 7 SYSTEMPATH\Commands\Server\rewrite.php(46): require_once('FCPATH\\index.php')
CRITICAL - 2022-11-08 04:39:16 --> The namespace delimiter is a backslash (\), not a slash (/). Route handler: \App\Controllers\website/index
in SYSTEMPATH\Router\Router.php on line 466.
 1 SYSTEMPATH\Router\Router.php(466): CodeIgniter\Router\Exceptions\RouterException::forInvalidControllerName('\\App\\Controllers\\website/index')
 2 SYSTEMPATH\Router\Router.php(181): CodeIgniter\Router\Router->checkRoutes('E:\\')
 3 SYSTEMPATH\CodeIgniter.php(802): CodeIgniter\Router\Router->handle('E:\\')
 4 SYSTEMPATH\CodeIgniter.php(430): CodeIgniter\CodeIgniter->tryToRouteIt(Object(CodeIgniter\Router\RouteCollection))
 5 SYSTEMPATH\CodeIgniter.php(351): CodeIgniter\CodeIgniter->handleRequest(null, Object(Config\Cache), false)
 6 FCPATH\index.php(67): CodeIgniter\CodeIgniter->run()
 7 SYSTEMPATH\Commands\Server\rewrite.php(46): require_once('FCPATH\\index.php')
CRITICAL - 2022-11-08 04:39:48 --> The namespace delimiter is a backslash (\), not a slash (/). Route handler: \App\Controllers\website/index
in SYSTEMPATH\Router\Router.php on line 466.
 1 SYSTEMPATH\Router\Router.php(466): CodeIgniter\Router\Exceptions\RouterException::forInvalidControllerName('\\App\\Controllers\\website/index')
 2 SYSTEMPATH\Router\Router.php(181): CodeIgniter\Router\Router->checkRoutes('E:\\')
 3 SYSTEMPATH\CodeIgniter.php(802): CodeIgniter\Router\Router->handle('E:\\')
 4 SYSTEMPATH\CodeIgniter.php(430): CodeIgniter\CodeIgniter->tryToRouteIt(Object(CodeIgniter\Router\RouteCollection))
 5 SYSTEMPATH\CodeIgniter.php(351): CodeIgniter\CodeIgniter->handleRequest(null, Object(Config\Cache), false)
 6 FCPATH\index.php(67): CodeIgniter\CodeIgniter->run()
 7 SYSTEMPATH\Commands\Server\rewrite.php(46): require_once('FCPATH\\index.php')
CRITICAL - 2022-11-08 04:39:49 --> The namespace delimiter is a backslash (\), not a slash (/). Route handler: \App\Controllers\website/index
in SYSTEMPATH\Router\Router.php on line 466.
 1 SYSTEMPATH\Router\Router.php(466): CodeIgniter\Router\Exceptions\RouterException::forInvalidControllerName('\\App\\Controllers\\website/index')
 2 SYSTEMPATH\Router\Router.php(181): CodeIgniter\Router\Router->checkRoutes('E:\\')
 3 SYSTEMPATH\CodeIgniter.php(802): CodeIgniter\Router\Router->handle('E:\\')
 4 SYSTEMPATH\CodeIgniter.php(430): CodeIgniter\CodeIgniter->tryToRouteIt(Object(CodeIgniter\Router\RouteCollection))
 5 SYSTEMPATH\CodeIgniter.php(351): CodeIgniter\CodeIgniter->handleRequest(null, Object(Config\Cache), false)
 6 FCPATH\index.php(67): CodeIgniter\CodeIgniter->run()
 7 SYSTEMPATH\Commands\Server\rewrite.php(46): require_once('FCPATH\\index.php')
CRITICAL - 2022-11-08 04:39:49 --> The namespace delimiter is a backslash (\), not a slash (/). Route handler: \App\Controllers\website/index
in SYSTEMPATH\Router\Router.php on line 466.
 1 SYSTEMPATH\Router\Router.php(466): CodeIgniter\Router\Exceptions\RouterException::forInvalidControllerName('\\App\\Controllers\\website/index')
 2 SYSTEMPATH\Router\Router.php(181): CodeIgniter\Router\Router->checkRoutes('E:\\')
 3 SYSTEMPATH\CodeIgniter.php(802): CodeIgniter\Router\Router->handle('E:\\')
 4 SYSTEMPATH\CodeIgniter.php(430): CodeIgniter\CodeIgniter->tryToRouteIt(Object(CodeIgniter\Router\RouteCollection))
 5 SYSTEMPATH\CodeIgniter.php(351): CodeIgniter\CodeIgniter->handleRequest(null, Object(Config\Cache), false)
 6 FCPATH\index.php(67): CodeIgniter\CodeIgniter->run()
 7 SYSTEMPATH\Commands\Server\rewrite.php(46): require_once('FCPATH\\index.php')
CRITICAL - 2022-11-08 04:39:49 --> The namespace delimiter is a backslash (\), not a slash (/). Route handler: \App\Controllers\website/index
in SYSTEMPATH\Router\Router.php on line 466.
 1 SYSTEMPATH\Router\Router.php(466): CodeIgniter\Router\Exceptions\RouterException::forInvalidControllerName('\\App\\Controllers\\website/index')
 2 SYSTEMPATH\Router\Router.php(181): CodeIgniter\Router\Router->checkRoutes('E:\\')
 3 SYSTEMPATH\CodeIgniter.php(802): CodeIgniter\Router\Router->handle('E:\\')
 4 SYSTEMPATH\CodeIgniter.php(430): CodeIgniter\CodeIgniter->tryToRouteIt(Object(CodeIgniter\Router\RouteCollection))
 5 SYSTEMPATH\CodeIgniter.php(351): CodeIgniter\CodeIgniter->handleRequest(null, Object(Config\Cache), false)
 6 FCPATH\index.php(67): CodeIgniter\CodeIgniter->run()
 7 SYSTEMPATH\Commands\Server\rewrite.php(46): require_once('FCPATH\\index.php')
CRITICAL - 2022-11-08 04:39:49 --> The namespace delimiter is a backslash (\), not a slash (/). Route handler: \App\Controllers\website/index
in SYSTEMPATH\Router\Router.php on line 466.
 1 SYSTEMPATH\Router\Router.php(466): CodeIgniter\Router\Exceptions\RouterException::forInvalidControllerName('\\App\\Controllers\\website/index')
 2 SYSTEMPATH\Router\Router.php(181): CodeIgniter\Router\Router->checkRoutes('E:\\')
 3 SYSTEMPATH\CodeIgniter.php(802): CodeIgniter\Router\Router->handle('E:\\')
 4 SYSTEMPATH\CodeIgniter.php(430): CodeIgniter\CodeIgniter->tryToRouteIt(Object(CodeIgniter\Router\RouteCollection))
 5 SYSTEMPATH\CodeIgniter.php(351): CodeIgniter\CodeIgniter->handleRequest(null, Object(Config\Cache), false)
 6 FCPATH\index.php(67): CodeIgniter\CodeIgniter->run()
 7 SYSTEMPATH\Commands\Server\rewrite.php(46): require_once('FCPATH\\index.php')
CRITICAL - 2022-11-08 04:40:32 --> The namespace delimiter is a backslash (\), not a slash (/). Route handler: \App\Controllers\website/index
in SYSTEMPATH\Router\Router.php on line 466.
 1 SYSTEMPATH\Router\Router.php(466): CodeIgniter\Router\Exceptions\RouterException::forInvalidControllerName('\\App\\Controllers\\website/index')
 2 SYSTEMPATH\Router\Router.php(181): CodeIgniter\Router\Router->checkRoutes('E:\\')
 3 SYSTEMPATH\CodeIgniter.php(802): CodeIgniter\Router\Router->handle('E:\\')
 4 SYSTEMPATH\CodeIgniter.php(430): CodeIgniter\CodeIgniter->tryToRouteIt(Object(CodeIgniter\Router\RouteCollection))
 5 SYSTEMPATH\CodeIgniter.php(351): CodeIgniter\CodeIgniter->handleRequest(null, Object(Config\Cache), false)
 6 FCPATH\index.php(67): CodeIgniter\CodeIgniter->run()
 7 SYSTEMPATH\Commands\Server\rewrite.php(46): require_once('FCPATH\\index.php')
CRITICAL - 2022-11-08 04:40:33 --> The namespace delimiter is a backslash (\), not a slash (/). Route handler: \App\Controllers\website/index
in SYSTEMPATH\Router\Router.php on line 466.
 1 SYSTEMPATH\Router\Router.php(466): CodeIgniter\Router\Exceptions\RouterException::forInvalidControllerName('\\App\\Controllers\\website/index')
 2 SYSTEMPATH\Router\Router.php(181): CodeIgniter\Router\Router->checkRoutes('E:\\')
 3 SYSTEMPATH\CodeIgniter.php(802): CodeIgniter\Router\Router->handle('E:\\')
 4 SYSTEMPATH\CodeIgniter.php(430): CodeIgniter\CodeIgniter->tryToRouteIt(Object(CodeIgniter\Router\RouteCollection))
 5 SYSTEMPATH\CodeIgniter.php(351): CodeIgniter\CodeIgniter->handleRequest(null, Object(Config\Cache), false)
 6 FCPATH\index.php(67): CodeIgniter\CodeIgniter->run()
 7 SYSTEMPATH\Commands\Server\rewrite.php(46): require_once('FCPATH\\index.php')
CRITICAL - 2022-11-08 04:40:35 --> The namespace delimiter is a backslash (\), not a slash (/). Route handler: \App\Controllers\website/index
in SYSTEMPATH\Router\Router.php on line 466.
 1 SYSTEMPATH\Router\Router.php(466): CodeIgniter\Router\Exceptions\RouterException::forInvalidControllerName('\\App\\Controllers\\website/index')
 2 SYSTEMPATH\Router\Router.php(181): CodeIgniter\Router\Router->checkRoutes('E:\\')
 3 SYSTEMPATH\CodeIgniter.php(802): CodeIgniter\Router\Router->handle('E:\\')
 4 SYSTEMPATH\CodeIgniter.php(430): CodeIgniter\CodeIgniter->tryToRouteIt(Object(CodeIgniter\Router\RouteCollection))
 5 SYSTEMPATH\CodeIgniter.php(351): CodeIgniter\CodeIgniter->handleRequest(null, Object(Config\Cache), false)
 6 FCPATH\index.php(67): CodeIgniter\CodeIgniter->run()
 7 SYSTEMPATH\Commands\Server\rewrite.php(46): require_once('FCPATH\\index.php')
CRITICAL - 2022-11-08 04:41:08 --> The namespace delimiter is a backslash (\), not a slash (/). Route handler: \App\Controllers\website/index
in SYSTEMPATH\Router\Router.php on line 466.
 1 SYSTEMPATH\Router\Router.php(466): CodeIgniter\Router\Exceptions\RouterException::forInvalidControllerName('\\App\\Controllers\\website/index')
 2 SYSTEMPATH\Router\Router.php(181): CodeIgniter\Router\Router->checkRoutes('E:\\')
 3 SYSTEMPATH\CodeIgniter.php(802): CodeIgniter\Router\Router->handle('E:\\')
 4 SYSTEMPATH\CodeIgniter.php(430): CodeIgniter\CodeIgniter->tryToRouteIt(Object(CodeIgniter\Router\RouteCollection))
 5 SYSTEMPATH\CodeIgniter.php(351): CodeIgniter\CodeIgniter->handleRequest(null, Object(Config\Cache), false)
 6 FCPATH\index.php(67): CodeIgniter\CodeIgniter->run()
 7 SYSTEMPATH\Commands\Server\rewrite.php(46): require_once('FCPATH\\index.php')
CRITICAL - 2022-11-08 04:41:08 --> The namespace delimiter is a backslash (\), not a slash (/). Route handler: \App\Controllers\website/index
in SYSTEMPATH\Router\Router.php on line 466.
 1 SYSTEMPATH\Router\Router.php(466): CodeIgniter\Router\Exceptions\RouterException::forInvalidControllerName('\\App\\Controllers\\website/index')
 2 SYSTEMPATH\Router\Router.php(181): CodeIgniter\Router\Router->checkRoutes('E:\\')
 3 SYSTEMPATH\CodeIgniter.php(802): CodeIgniter\Router\Router->handle('E:\\')
 4 SYSTEMPATH\CodeIgniter.php(430): CodeIgniter\CodeIgniter->tryToRouteIt(Object(CodeIgniter\Router\RouteCollection))
 5 SYSTEMPATH\CodeIgniter.php(351): CodeIgniter\CodeIgniter->handleRequest(null, Object(Config\Cache), false)
 6 FCPATH\index.php(67): CodeIgniter\CodeIgniter->run()
 7 SYSTEMPATH\Commands\Server\rewrite.php(46): require_once('FCPATH\\index.php')
CRITICAL - 2022-11-08 04:41:08 --> The namespace delimiter is a backslash (\), not a slash (/). Route handler: \App\Controllers\website/index
in SYSTEMPATH\Router\Router.php on line 466.
 1 SYSTEMPATH\Router\Router.php(466): CodeIgniter\Router\Exceptions\RouterException::forInvalidControllerName('\\App\\Controllers\\website/index')
 2 SYSTEMPATH\Router\Router.php(181): CodeIgniter\Router\Router->checkRoutes('E:\\')
 3 SYSTEMPATH\CodeIgniter.php(802): CodeIgniter\Router\Router->handle('E:\\')
 4 SYSTEMPATH\CodeIgniter.php(430): CodeIgniter\CodeIgniter->tryToRouteIt(Object(CodeIgniter\Router\RouteCollection))
 5 SYSTEMPATH\CodeIgniter.php(351): CodeIgniter\CodeIgniter->handleRequest(null, Object(Config\Cache), false)
 6 FCPATH\index.php(67): CodeIgniter\CodeIgniter->run()
 7 SYSTEMPATH\Commands\Server\rewrite.php(46): require_once('FCPATH\\index.php')
CRITICAL - 2022-11-08 04:41:08 --> The namespace delimiter is a backslash (\), not a slash (/). Route handler: \App\Controllers\website/index
in SYSTEMPATH\Router\Router.php on line 466.
 1 SYSTEMPATH\Router\Router.php(466): CodeIgniter\Router\Exceptions\RouterException::forInvalidControllerName('\\App\\Controllers\\website/index')
 2 SYSTEMPATH\Router\Router.php(181): CodeIgniter\Router\Router->checkRoutes('E:\\')
 3 SYSTEMPATH\CodeIgniter.php(802): CodeIgniter\Router\Router->handle('E:\\')
 4 SYSTEMPATH\CodeIgniter.php(430): CodeIgniter\CodeIgniter->tryToRouteIt(Object(CodeIgniter\Router\RouteCollection))
 5 SYSTEMPATH\CodeIgniter.php(351): CodeIgniter\CodeIgniter->handleRequest(null, Object(Config\Cache), false)
 6 FCPATH\index.php(67): CodeIgniter\CodeIgniter->run()
 7 SYSTEMPATH\Commands\Server\rewrite.php(46): require_once('FCPATH\\index.php')
CRITICAL - 2022-11-08 04:41:22 --> The namespace delimiter is a backslash (\), not a slash (/). Route handler: \App\Controllers\admin/index
in SYSTEMPATH\Router\Router.php on line 466.
 1 SYSTEMPATH\Router\Router.php(466): CodeIgniter\Router\Exceptions\RouterException::forInvalidControllerName('\\App\\Controllers\\admin/index')
 2 SYSTEMPATH\Router\Router.php(181): CodeIgniter\Router\Router->checkRoutes('E:\\')
 3 SYSTEMPATH\CodeIgniter.php(802): CodeIgniter\Router\Router->handle('E:\\')
 4 SYSTEMPATH\CodeIgniter.php(430): CodeIgniter\CodeIgniter->tryToRouteIt(Object(CodeIgniter\Router\RouteCollection))
 5 SYSTEMPATH\CodeIgniter.php(351): CodeIgniter\CodeIgniter->handleRequest(null, Object(Config\Cache), false)
 6 FCPATH\index.php(67): CodeIgniter\CodeIgniter->run()
 7 SYSTEMPATH\Commands\Server\rewrite.php(46): require_once('FCPATH\\index.php')
CRITICAL - 2022-11-08 04:41:23 --> The namespace delimiter is a backslash (\), not a slash (/). Route handler: \App\Controllers\admin/index
in SYSTEMPATH\Router\Router.php on line 466.
 1 SYSTEMPATH\Router\Router.php(466): CodeIgniter\Router\Exceptions\RouterException::forInvalidControllerName('\\App\\Controllers\\admin/index')
 2 SYSTEMPATH\Router\Router.php(181): CodeIgniter\Router\Router->checkRoutes('E:\\')
 3 SYSTEMPATH\CodeIgniter.php(802): CodeIgniter\Router\Router->handle('E:\\')
 4 SYSTEMPATH\CodeIgniter.php(430): CodeIgniter\CodeIgniter->tryToRouteIt(Object(CodeIgniter\Router\RouteCollection))
 5 SYSTEMPATH\CodeIgniter.php(351): CodeIgniter\CodeIgniter->handleRequest(null, Object(Config\Cache), false)
 6 FCPATH\index.php(67): CodeIgniter\CodeIgniter->run()
 7 SYSTEMPATH\Commands\Server\rewrite.php(46): require_once('FCPATH\\index.php')
CRITICAL - 2022-11-08 04:41:23 --> The namespace delimiter is a backslash (\), not a slash (/). Route handler: \App\Controllers\admin/index
in SYSTEMPATH\Router\Router.php on line 466.
 1 SYSTEMPATH\Router\Router.php(466): CodeIgniter\Router\Exceptions\RouterException::forInvalidControllerName('\\App\\Controllers\\admin/index')
 2 SYSTEMPATH\Router\Router.php(181): CodeIgniter\Router\Router->checkRoutes('E:\\')
 3 SYSTEMPATH\CodeIgniter.php(802): CodeIgniter\Router\Router->handle('E:\\')
 4 SYSTEMPATH\CodeIgniter.php(430): CodeIgniter\CodeIgniter->tryToRouteIt(Object(CodeIgniter\Router\RouteCollection))
 5 SYSTEMPATH\CodeIgniter.php(351): CodeIgniter\CodeIgniter->handleRequest(null, Object(Config\Cache), false)
 6 FCPATH\index.php(67): CodeIgniter\CodeIgniter->run()
 7 SYSTEMPATH\Commands\Server\rewrite.php(46): require_once('FCPATH\\index.php')
CRITICAL - 2022-11-08 04:41:23 --> The namespace delimiter is a backslash (\), not a slash (/). Route handler: \App\Controllers\admin/index
in SYSTEMPATH\Router\Router.php on line 466.
 1 SYSTEMPATH\Router\Router.php(466): CodeIgniter\Router\Exceptions\RouterException::forInvalidControllerName('\\App\\Controllers\\admin/index')
 2 SYSTEMPATH\Router\Router.php(181): CodeIgniter\Router\Router->checkRoutes('E:\\')
 3 SYSTEMPATH\CodeIgniter.php(802): CodeIgniter\Router\Router->handle('E:\\')
 4 SYSTEMPATH\CodeIgniter.php(430): CodeIgniter\CodeIgniter->tryToRouteIt(Object(CodeIgniter\Router\RouteCollection))
 5 SYSTEMPATH\CodeIgniter.php(351): CodeIgniter\CodeIgniter->handleRequest(null, Object(Config\Cache), false)
 6 FCPATH\index.php(67): CodeIgniter\CodeIgniter->run()
 7 SYSTEMPATH\Commands\Server\rewrite.php(46): require_once('FCPATH\\index.php')
CRITICAL - 2022-11-08 04:41:23 --> The namespace delimiter is a backslash (\), not a slash (/). Route handler: \App\Controllers\admin/index
in SYSTEMPATH\Router\Router.php on line 466.
 1 SYSTEMPATH\Router\Router.php(466): CodeIgniter\Router\Exceptions\RouterException::forInvalidControllerName('\\App\\Controllers\\admin/index')
 2 SYSTEMPATH\Router\Router.php(181): CodeIgniter\Router\Router->checkRoutes('E:\\')
 3 SYSTEMPATH\CodeIgniter.php(802): CodeIgniter\Router\Router->handle('E:\\')
 4 SYSTEMPATH\CodeIgniter.php(430): CodeIgniter\CodeIgniter->tryToRouteIt(Object(CodeIgniter\Router\RouteCollection))
 5 SYSTEMPATH\CodeIgniter.php(351): CodeIgniter\CodeIgniter->handleRequest(null, Object(Config\Cache), false)
 6 FCPATH\index.php(67): CodeIgniter\CodeIgniter->run()
 7 SYSTEMPATH\Commands\Server\rewrite.php(46): require_once('FCPATH\\index.php')
CRITICAL - 2022-11-08 04:41:24 --> The namespace delimiter is a backslash (\), not a slash (/). Route handler: \App\Controllers\admin/index
in SYSTEMPATH\Router\Router.php on line 466.
 1 SYSTEMPATH\Router\Router.php(466): CodeIgniter\Router\Exceptions\RouterException::forInvalidControllerName('\\App\\Controllers\\admin/index')
 2 SYSTEMPATH\Router\Router.php(181): CodeIgniter\Router\Router->checkRoutes('E:\\')
 3 SYSTEMPATH\CodeIgniter.php(802): CodeIgniter\Router\Router->handle('E:\\')
 4 SYSTEMPATH\CodeIgniter.php(430): CodeIgniter\CodeIgniter->tryToRouteIt(Object(CodeIgniter\Router\RouteCollection))
 5 SYSTEMPATH\CodeIgniter.php(351): CodeIgniter\CodeIgniter->handleRequest(null, Object(Config\Cache), false)
 6 FCPATH\index.php(67): CodeIgniter\CodeIgniter->run()
 7 SYSTEMPATH\Commands\Server\rewrite.php(46): require_once('FCPATH\\index.php')
CRITICAL - 2022-11-08 04:41:24 --> The namespace delimiter is a backslash (\), not a slash (/). Route handler: \App\Controllers\admin/index
in SYSTEMPATH\Router\Router.php on line 466.
 1 SYSTEMPATH\Router\Router.php(466): CodeIgniter\Router\Exceptions\RouterException::forInvalidControllerName('\\App\\Controllers\\admin/index')
 2 SYSTEMPATH\Router\Router.php(181): CodeIgniter\Router\Router->checkRoutes('E:\\')
 3 SYSTEMPATH\CodeIgniter.php(802): CodeIgniter\Router\Router->handle('E:\\')
 4 SYSTEMPATH\CodeIgniter.php(430): CodeIgniter\CodeIgniter->tryToRouteIt(Object(CodeIgniter\Router\RouteCollection))
 5 SYSTEMPATH\CodeIgniter.php(351): CodeIgniter\CodeIgniter->handleRequest(null, Object(Config\Cache), false)
 6 FCPATH\index.php(67): CodeIgniter\CodeIgniter->run()
 7 SYSTEMPATH\Commands\Server\rewrite.php(46): require_once('FCPATH\\index.php')
CRITICAL - 2022-11-08 04:41:25 --> The namespace delimiter is a backslash (\), not a slash (/). Route handler: \App\Controllers\admin/index
in SYSTEMPATH\Router\Router.php on line 466.
 1 SYSTEMPATH\Router\Router.php(466): CodeIgniter\Router\Exceptions\RouterException::forInvalidControllerName('\\App\\Controllers\\admin/index')
 2 SYSTEMPATH\Router\Router.php(181): CodeIgniter\Router\Router->checkRoutes('E:\\')
 3 SYSTEMPATH\CodeIgniter.php(802): CodeIgniter\Router\Router->handle('E:\\')
 4 SYSTEMPATH\CodeIgniter.php(430): CodeIgniter\CodeIgniter->tryToRouteIt(Object(CodeIgniter\Router\RouteCollection))
 5 SYSTEMPATH\CodeIgniter.php(351): CodeIgniter\CodeIgniter->handleRequest(null, Object(Config\Cache), false)
 6 FCPATH\index.php(67): CodeIgniter\CodeIgniter->run()
 7 SYSTEMPATH\Commands\Server\rewrite.php(46): require_once('FCPATH\\index.php')
CRITICAL - 2022-11-08 04:41:25 --> The namespace delimiter is a backslash (\), not a slash (/). Route handler: \App\Controllers\admin/index
in SYSTEMPATH\Router\Router.php on line 466.
 1 SYSTEMPATH\Router\Router.php(466): CodeIgniter\Router\Exceptions\RouterException::forInvalidControllerName('\\App\\Controllers\\admin/index')
 2 SYSTEMPATH\Router\Router.php(181): CodeIgniter\Router\Router->checkRoutes('E:\\')
 3 SYSTEMPATH\CodeIgniter.php(802): CodeIgniter\Router\Router->handle('E:\\')
 4 SYSTEMPATH\CodeIgniter.php(430): CodeIgniter\CodeIgniter->tryToRouteIt(Object(CodeIgniter\Router\RouteCollection))
 5 SYSTEMPATH\CodeIgniter.php(351): CodeIgniter\CodeIgniter->handleRequest(null, Object(Config\Cache), false)
 6 FCPATH\index.php(67): CodeIgniter\CodeIgniter->run()
 7 SYSTEMPATH\Commands\Server\rewrite.php(46): require_once('FCPATH\\index.php')
CRITICAL - 2022-11-08 04:41:25 --> The namespace delimiter is a backslash (\), not a slash (/). Route handler: \App\Controllers\admin/index
in SYSTEMPATH\Router\Router.php on line 466.
 1 SYSTEMPATH\Router\Router.php(466): CodeIgniter\Router\Exceptions\RouterException::forInvalidControllerName('\\App\\Controllers\\admin/index')
 2 SYSTEMPATH\Router\Router.php(181): CodeIgniter\Router\Router->checkRoutes('E:\\')
 3 SYSTEMPATH\CodeIgniter.php(802): CodeIgniter\Router\Router->handle('E:\\')
 4 SYSTEMPATH\CodeIgniter.php(430): CodeIgniter\CodeIgniter->tryToRouteIt(Object(CodeIgniter\Router\RouteCollection))
 5 SYSTEMPATH\CodeIgniter.php(351): CodeIgniter\CodeIgniter->handleRequest(null, Object(Config\Cache), false)
 6 FCPATH\index.php(67): CodeIgniter\CodeIgniter->run()
 7 SYSTEMPATH\Commands\Server\rewrite.php(46): require_once('FCPATH\\index.php')
CRITICAL - 2022-11-08 04:41:25 --> The namespace delimiter is a backslash (\), not a slash (/). Route handler: \App\Controllers\admin/index
in SYSTEMPATH\Router\Router.php on line 466.
 1 SYSTEMPATH\Router\Router.php(466): CodeIgniter\Router\Exceptions\RouterException::forInvalidControllerName('\\App\\Controllers\\admin/index')
 2 SYSTEMPATH\Router\Router.php(181): CodeIgniter\Router\Router->checkRoutes('E:\\')
 3 SYSTEMPATH\CodeIgniter.php(802): CodeIgniter\Router\Router->handle('E:\\')
 4 SYSTEMPATH\CodeIgniter.php(430): CodeIgniter\CodeIgniter->tryToRouteIt(Object(CodeIgniter\Router\RouteCollection))
 5 SYSTEMPATH\CodeIgniter.php(351): CodeIgniter\CodeIgniter->handleRequest(null, Object(Config\Cache), false)
 6 FCPATH\index.php(67): CodeIgniter\CodeIgniter->run()
 7 SYSTEMPATH\Commands\Server\rewrite.php(46): require_once('FCPATH\\index.php')
CRITICAL - 2022-11-08 04:41:25 --> The namespace delimiter is a backslash (\), not a slash (/). Route handler: \App\Controllers\admin/index
in SYSTEMPATH\Router\Router.php on line 466.
 1 SYSTEMPATH\Router\Router.php(466): CodeIgniter\Router\Exceptions\RouterException::forInvalidControllerName('\\App\\Controllers\\admin/index')
 2 SYSTEMPATH\Router\Router.php(181): CodeIgniter\Router\Router->checkRoutes('E:\\')
 3 SYSTEMPATH\CodeIgniter.php(802): CodeIgniter\Router\Router->handle('E:\\')
 4 SYSTEMPATH\CodeIgniter.php(430): CodeIgniter\CodeIgniter->tryToRouteIt(Object(CodeIgniter\Router\RouteCollection))
 5 SYSTEMPATH\CodeIgniter.php(351): CodeIgniter\CodeIgniter->handleRequest(null, Object(Config\Cache), false)
 6 FCPATH\index.php(67): CodeIgniter\CodeIgniter->run()
 7 SYSTEMPATH\Commands\Server\rewrite.php(46): require_once('FCPATH\\index.php')
CRITICAL - 2022-11-08 04:41:25 --> The namespace delimiter is a backslash (\), not a slash (/). Route handler: \App\Controllers\admin/index
in SYSTEMPATH\Router\Router.php on line 466.
 1 SYSTEMPATH\Router\Router.php(466): CodeIgniter\Router\Exceptions\RouterException::forInvalidControllerName('\\App\\Controllers\\admin/index')
 2 SYSTEMPATH\Router\Router.php(181): CodeIgniter\Router\Router->checkRoutes('E:\\')
 3 SYSTEMPATH\CodeIgniter.php(802): CodeIgniter\Router\Router->handle('E:\\')
 4 SYSTEMPATH\CodeIgniter.php(430): CodeIgniter\CodeIgniter->tryToRouteIt(Object(CodeIgniter\Router\RouteCollection))
 5 SYSTEMPATH\CodeIgniter.php(351): CodeIgniter\CodeIgniter->handleRequest(null, Object(Config\Cache), false)
 6 FCPATH\index.php(67): CodeIgniter\CodeIgniter->run()
 7 SYSTEMPATH\Commands\Server\rewrite.php(46): require_once('FCPATH\\index.php')
CRITICAL - 2022-11-08 08:57:33 --> require_once(Views/admin/layout/header.php): Failed to open stream: No such file or directory
in APPPATH\Views\admin\index.php on line 1.
 1 APPPATH\Views\admin\index.php(1): CodeIgniter\Debug\Exceptions->errorHandler(2, 'require_once(Views/admin/layout/header.php): Failed to open stream: No such file or directory', 'APPPATH\\Views\\admin\\index.php', 1)
 2 APPPATH\Views\admin\index.php(1): require_once()
 3 SYSTEMPATH\View\View.php(213): include('APPPATH\\Views\\admin\\index.php')
 4 SYSTEMPATH\View\View.php(216): CodeIgniter\View\View->CodeIgniter\View\{closure}()
 5 SYSTEMPATH\Common.php(1134): CodeIgniter\View\View->render('admin/index', [], true)
 6 APPPATH\Controllers\Admin.php(9): view('admin/index')
 7 SYSTEMPATH\CodeIgniter.php(927): App\Controllers\Admin->index()
 8 SYSTEMPATH\CodeIgniter.php(482): CodeIgniter\CodeIgniter->runController(Object(App\Controllers\Admin))
 9 SYSTEMPATH\CodeIgniter.php(351): CodeIgniter\CodeIgniter->handleRequest(null, Object(Config\Cache), false)
10 FCPATH\index.php(67): CodeIgniter\CodeIgniter->run()
11 SYSTEMPATH\Commands\Server\rewrite.php(46): require_once('FCPATH\\index.php')
CRITICAL - 2022-11-08 08:57:35 --> require_once(Views/admin/layout/header.php): Failed to open stream: No such file or directory
in APPPATH\Views\admin\index.php on line 1.
 1 APPPATH\Views\admin\index.php(1): CodeIgniter\Debug\Exceptions->errorHandler(2, 'require_once(Views/admin/layout/header.php): Failed to open stream: No such file or directory', 'APPPATH\\Views\\admin\\index.php', 1)
 2 APPPATH\Views\admin\index.php(1): require_once()
 3 SYSTEMPATH\View\View.php(213): include('APPPATH\\Views\\admin\\index.php')
 4 SYSTEMPATH\View\View.php(216): CodeIgniter\View\View->CodeIgniter\View\{closure}()
 5 SYSTEMPATH\Common.php(1134): CodeIgniter\View\View->render('admin/index', [], true)
 6 APPPATH\Controllers\Admin.php(9): view('admin/index')
 7 SYSTEMPATH\CodeIgniter.php(927): App\Controllers\Admin->index()
 8 SYSTEMPATH\CodeIgniter.php(482): CodeIgniter\CodeIgniter->runController(Object(App\Controllers\Admin))
 9 SYSTEMPATH\CodeIgniter.php(351): CodeIgniter\CodeIgniter->handleRequest(null, Object(Config\Cache), false)
10 FCPATH\index.php(67): CodeIgniter\CodeIgniter->run()
11 SYSTEMPATH\Commands\Server\rewrite.php(46): require_once('FCPATH\\index.php')
CRITICAL - 2022-11-08 08:57:36 --> require_once(Views/admin/layout/header.php): Failed to open stream: No such file or directory
in APPPATH\Views\admin\index.php on line 1.
 1 APPPATH\Views\admin\index.php(1): CodeIgniter\Debug\Exceptions->errorHandler(2, 'require_once(Views/admin/layout/header.php): Failed to open stream: No such file or directory', 'APPPATH\\Views\\admin\\index.php', 1)
 2 APPPATH\Views\admin\index.php(1): require_once()
 3 SYSTEMPATH\View\View.php(213): include('APPPATH\\Views\\admin\\index.php')
 4 SYSTEMPATH\View\View.php(216): CodeIgniter\View\View->CodeIgniter\View\{closure}()
 5 SYSTEMPATH\Common.php(1134): CodeIgniter\View\View->render('admin/index', [], true)
 6 APPPATH\Controllers\Admin.php(9): view('admin/index')
 7 SYSTEMPATH\CodeIgniter.php(927): App\Controllers\Admin->index()
 8 SYSTEMPATH\CodeIgniter.php(482): CodeIgniter\CodeIgniter->runController(Object(App\Controllers\Admin))
 9 SYSTEMPATH\CodeIgniter.php(351): CodeIgniter\CodeIgniter->handleRequest(null, Object(Config\Cache), false)
10 FCPATH\index.php(67): CodeIgniter\CodeIgniter->run()
11 SYSTEMPATH\Commands\Server\rewrite.php(46): require_once('FCPATH\\index.php')
CRITICAL - 2022-11-08 08:57:36 --> require_once(Views/admin/layout/header.php): Failed to open stream: No such file or directory
in APPPATH\Views\admin\index.php on line 1.
 1 APPPATH\Views\admin\index.php(1): CodeIgniter\Debug\Exceptions->errorHandler(2, 'require_once(Views/admin/layout/header.php): Failed to open stream: No such file or directory', 'APPPATH\\Views\\admin\\index.php', 1)
 2 APPPATH\Views\admin\index.php(1): require_once()
 3 SYSTEMPATH\View\View.php(213): include('APPPATH\\Views\\admin\\index.php')
 4 SYSTEMPATH\View\View.php(216): CodeIgniter\View\View->CodeIgniter\View\{closure}()
 5 SYSTEMPATH\Common.php(1134): CodeIgniter\View\View->render('admin/index', [], true)
 6 APPPATH\Controllers\Admin.php(9): view('admin/index')
 7 SYSTEMPATH\CodeIgniter.php(927): App\Controllers\Admin->index()
 8 SYSTEMPATH\CodeIgniter.php(482): CodeIgniter\CodeIgniter->runController(Object(App\Controllers\Admin))
 9 SYSTEMPATH\CodeIgniter.php(351): CodeIgniter\CodeIgniter->handleRequest(null, Object(Config\Cache), false)
10 FCPATH\index.php(67): CodeIgniter\CodeIgniter->run()
11 SYSTEMPATH\Commands\Server\rewrite.php(46): require_once('FCPATH\\index.php')
CRITICAL - 2022-11-08 08:57:36 --> require_once(Views/admin/layout/header.php): Failed to open stream: No such file or directory
in APPPATH\Views\admin\index.php on line 1.
 1 APPPATH\Views\admin\index.php(1): CodeIgniter\Debug\Exceptions->errorHandler(2, 'require_once(Views/admin/layout/header.php): Failed to open stream: No such file or directory', 'APPPATH\\Views\\admin\\index.php', 1)
 2 APPPATH\Views\admin\index.php(1): require_once()
 3 SYSTEMPATH\View\View.php(213): include('APPPATH\\Views\\admin\\index.php')
 4 SYSTEMPATH\View\View.php(216): CodeIgniter\View\View->CodeIgniter\View\{closure}()
 5 SYSTEMPATH\Common.php(1134): CodeIgniter\View\View->render('admin/index', [], true)
 6 APPPATH\Controllers\Admin.php(9): view('admin/index')
 7 SYSTEMPATH\CodeIgniter.php(927): App\Controllers\Admin->index()
 8 SYSTEMPATH\CodeIgniter.php(482): CodeIgniter\CodeIgniter->runController(Object(App\Controllers\Admin))
 9 SYSTEMPATH\CodeIgniter.php(351): CodeIgniter\CodeIgniter->handleRequest(null, Object(Config\Cache), false)
10 FCPATH\index.php(67): CodeIgniter\CodeIgniter->run()
11 SYSTEMPATH\Commands\Server\rewrite.php(46): require_once('FCPATH\\index.php')
CRITICAL - 2022-11-08 09:08:10 --> require_once(Views/admin/layout/header.php): Failed to open stream: No such file or directory
in APPPATH\Views\admin\index.php on line 1.
 1 APPPATH\Views\admin\index.php(1): CodeIgniter\Debug\Exceptions->errorHandler(2, 'require_once(Views/admin/layout/header.php): Failed to open stream: No such file or directory', 'APPPATH\\Views\\admin\\index.php', 1)
 2 APPPATH\Views\admin\index.php(1): require_once()
 3 SYSTEMPATH\View\View.php(213): include('APPPATH\\Views\\admin\\index.php')
 4 SYSTEMPATH\View\View.php(216): CodeIgniter\View\View->CodeIgniter\View\{closure}()
 5 SYSTEMPATH\Common.php(1134): CodeIgniter\View\View->render('admin/index', [], true)
 6 APPPATH\Controllers\Admin.php(9): view('admin/index')
 7 SYSTEMPATH\CodeIgniter.php(927): App\Controllers\Admin->index()
 8 SYSTEMPATH\CodeIgniter.php(482): CodeIgniter\CodeIgniter->runController(Object(App\Controllers\Admin))
 9 SYSTEMPATH\CodeIgniter.php(351): CodeIgniter\CodeIgniter->handleRequest(null, Object(Config\Cache), false)
10 FCPATH\index.php(67): CodeIgniter\CodeIgniter->run()
11 SYSTEMPATH\Commands\Server\rewrite.php(46): require_once('FCPATH\\index.php')
